
*** Running vivado
    with args -log cpu_top.vds -m64 -product Vivado -mode batch -messageDb vivado.pb -notrace -source cpu_top.tcl



****** Vivado v2020.2 (64-bit)
  **** SW Build 3064766 on Wed Nov 18 09:12:45 MST 2020
  **** IP Build 3064653 on Wed Nov 18 14:17:31 MST 2020
    ** Copyright 1986-2020 Xilinx, Inc. All Rights Reserved.

source cpu_top.tcl -notrace
INFO: [IP_Flow 19-234] Refreshing IP repositories
INFO: [IP_Flow 19-1700] Loaded user IP repository 'd:/Study/ComputerScience/ComputerOrganization/vivado/cs202_project/CPU.srcs/sources_1/SEU_CSE_507_user_uart_bmpg_1.3'.
INFO: [IP_Flow 19-2313] Loaded Vivado IP repository 'D:/Xilinx/Vivado/2020.2/data/ip'.
Command: synth_design -top cpu_top -part xc7a100tfgg484-1
Starting synth_design
Attempting to get a license for feature 'Synthesis' and/or device 'xc7a100t'
INFO: [Common 17-349] Got license for feature 'Synthesis' and/or device 'xc7a100t'
INFO: [Device 21-403] Loading part xc7a100tfgg484-1
INFO: [Synth 8-7079] Multithreading enabled for synth_design using a maximum of 2 processes.
INFO: [Synth 8-7078] Launching helper process for spawning children vivado processes
INFO: [Synth 8-7075] Helper process launched with PID 22636
---------------------------------------------------------------------------------
Starting RTL Elaboration : Time (s): cpu = 00:00:03 ; elapsed = 00:00:03 . Memory (MB): peak = 1129.488 ; gain = 23.254
---------------------------------------------------------------------------------
INFO: [Synth 8-6157] synthesizing module 'cpu_top' [D:/Study/ComputerScience/ComputerOrganization/vivado/cs202_project/CPU.srcs/sources_1/new/cpu_top.v:22]
INFO: [Synth 8-6157] synthesizing module 'leds' [D:/Study/ComputerScience/ComputerOrganization/vivado/cs202_project/CPU.srcs/sources_1/new/leds.v:23]
INFO: [Synth 8-6155] done synthesizing module 'leds' (1#1) [D:/Study/ComputerScience/ComputerOrganization/vivado/cs202_project/CPU.srcs/sources_1/new/leds.v:23]
INFO: [Synth 8-6157] synthesizing module 'switchs' [D:/Study/ComputerScience/ComputerOrganization/vivado/cs202_project/CPU.srcs/sources_1/new/switches.v:22]
INFO: [Synth 8-6155] done synthesizing module 'switchs' (2#1) [D:/Study/ComputerScience/ComputerOrganization/vivado/cs202_project/CPU.srcs/sources_1/new/switches.v:22]
INFO: [Synth 8-6157] synthesizing module 'cpuclk' [D:/Study/ComputerScience/ComputerOrganization/vivado/cs202_project/CPU.runs/synth_1/.Xil/Vivado-23508-AN-GUANGYAN/realtime/cpuclk_stub.v:5]
INFO: [Synth 8-6155] done synthesizing module 'cpuclk' (3#1) [D:/Study/ComputerScience/ComputerOrganization/vivado/cs202_project/CPU.runs/synth_1/.Xil/Vivado-23508-AN-GUANGYAN/realtime/cpuclk_stub.v:5]
INFO: [Synth 8-6157] synthesizing module 'ifetc32' [D:/Study/ComputerScience/ComputerOrganization/vivado/cs202_project/CPU.srcs/sources_1/new/ifetc32.v:23]
INFO: [Synth 8-6155] done synthesizing module 'ifetc32' (4#1) [D:/Study/ComputerScience/ComputerOrganization/vivado/cs202_project/CPU.srcs/sources_1/new/ifetc32.v:23]
WARNING: [Synth 8-7071] port 'upg_rst_i' of module 'ifetc32' is unconnected for instance 'u_ifetch' [D:/Study/ComputerScience/ComputerOrganization/vivado/cs202_project/CPU.srcs/sources_1/new/cpu_top.v:110]
WARNING: [Synth 8-7071] port 'upg_clk_i' of module 'ifetc32' is unconnected for instance 'u_ifetch' [D:/Study/ComputerScience/ComputerOrganization/vivado/cs202_project/CPU.srcs/sources_1/new/cpu_top.v:110]
WARNING: [Synth 8-7071] port 'upg_wen_i' of module 'ifetc32' is unconnected for instance 'u_ifetch' [D:/Study/ComputerScience/ComputerOrganization/vivado/cs202_project/CPU.srcs/sources_1/new/cpu_top.v:110]
WARNING: [Synth 8-7071] port 'upg_adr_i' of module 'ifetc32' is unconnected for instance 'u_ifetch' [D:/Study/ComputerScience/ComputerOrganization/vivado/cs202_project/CPU.srcs/sources_1/new/cpu_top.v:110]
WARNING: [Synth 8-7071] port 'upg_dat_i' of module 'ifetc32' is unconnected for instance 'u_ifetch' [D:/Study/ComputerScience/ComputerOrganization/vivado/cs202_project/CPU.srcs/sources_1/new/cpu_top.v:110]
WARNING: [Synth 8-7071] port 'upg_done_i' of module 'ifetc32' is unconnected for instance 'u_ifetch' [D:/Study/ComputerScience/ComputerOrganization/vivado/cs202_project/CPU.srcs/sources_1/new/cpu_top.v:110]
WARNING: [Synth 8-7023] instance 'u_ifetch' of module 'ifetc32' has 20 connections declared, but only 14 given [D:/Study/ComputerScience/ComputerOrganization/vivado/cs202_project/CPU.srcs/sources_1/new/cpu_top.v:110]
INFO: [Synth 8-6157] synthesizing module 'program_rom' [D:/Study/ComputerScience/ComputerOrganization/vivado/cs202_project/CPU.srcs/sources_1/new/program_rom.v:23]
INFO: [Synth 8-6157] synthesizing module 'prgrom' [D:/Study/ComputerScience/ComputerOrganization/vivado/cs202_project/CPU.runs/synth_1/.Xil/Vivado-23508-AN-GUANGYAN/realtime/prgrom_stub.v:6]
INFO: [Synth 8-6155] done synthesizing module 'prgrom' (5#1) [D:/Study/ComputerScience/ComputerOrganization/vivado/cs202_project/CPU.runs/synth_1/.Xil/Vivado-23508-AN-GUANGYAN/realtime/prgrom_stub.v:6]
INFO: [Synth 8-6155] done synthesizing module 'program_rom' (6#1) [D:/Study/ComputerScience/ComputerOrganization/vivado/cs202_project/CPU.srcs/sources_1/new/program_rom.v:23]
INFO: [Synth 8-6157] synthesizing module 'control32' [D:/Study/ComputerScience/ComputerOrganization/vivado/cs202_project/CPU.srcs/sources_1/new/control32.v:23]
INFO: [Synth 8-6155] done synthesizing module 'control32' (7#1) [D:/Study/ComputerScience/ComputerOrganization/vivado/cs202_project/CPU.srcs/sources_1/new/control32.v:23]
INFO: [Synth 8-6157] synthesizing module 'executs32' [D:/Study/ComputerScience/ComputerOrganization/vivado/cs202_project/CPU.srcs/sources_1/new/executs32.v:23]
INFO: [Synth 8-226] default block is never used [D:/Study/ComputerScience/ComputerOrganization/vivado/cs202_project/CPU.srcs/sources_1/new/executs32.v:66]
WARNING: [Synth 8-567] referenced signal 'a_unsign' should be on the sensitivity list [D:/Study/ComputerScience/ComputerOrganization/vivado/cs202_project/CPU.srcs/sources_1/new/executs32.v:65]
WARNING: [Synth 8-567] referenced signal 'b_unsign' should be on the sensitivity list [D:/Study/ComputerScience/ComputerOrganization/vivado/cs202_project/CPU.srcs/sources_1/new/executs32.v:65]
INFO: [Synth 8-6155] done synthesizing module 'executs32' (8#1) [D:/Study/ComputerScience/ComputerOrganization/vivado/cs202_project/CPU.srcs/sources_1/new/executs32.v:23]
INFO: [Synth 8-6157] synthesizing module 'mem_or_io' [D:/Study/ComputerScience/ComputerOrganization/vivado/cs202_project/CPU.srcs/sources_1/new/mem_or_io.v:23]
INFO: [Synth 8-6155] done synthesizing module 'mem_or_io' (9#1) [D:/Study/ComputerScience/ComputerOrganization/vivado/cs202_project/CPU.srcs/sources_1/new/mem_or_io.v:23]
WARNING: [Synth 8-689] width (1) of port connection 'r_wdata' does not match port width (32) of module 'mem_or_io' [D:/Study/ComputerScience/ComputerOrganization/vivado/cs202_project/CPU.srcs/sources_1/new/cpu_top.v:188]
INFO: [Synth 8-6157] synthesizing module 'idecode32' [D:/Study/ComputerScience/ComputerOrganization/vivado/cs202_project/CPU.srcs/sources_1/new/idecode32.v:23]
INFO: [Synth 8-6155] done synthesizing module 'idecode32' (10#1) [D:/Study/ComputerScience/ComputerOrganization/vivado/cs202_project/CPU.srcs/sources_1/new/idecode32.v:23]
INFO: [Synth 8-6157] synthesizing module 'dmemory32' [D:/Study/ComputerScience/ComputerOrganization/vivado/cs202_project/CPU.srcs/sources_1/new/dmemory32.v:23]
INFO: [Synth 8-6157] synthesizing module 'ram' [D:/Study/ComputerScience/ComputerOrganization/vivado/cs202_project/CPU.runs/synth_1/.Xil/Vivado-23508-AN-GUANGYAN/realtime/ram_stub.v:6]
INFO: [Synth 8-6155] done synthesizing module 'ram' (11#1) [D:/Study/ComputerScience/ComputerOrganization/vivado/cs202_project/CPU.runs/synth_1/.Xil/Vivado-23508-AN-GUANGYAN/realtime/ram_stub.v:6]
INFO: [Synth 8-6155] done synthesizing module 'dmemory32' (12#1) [D:/Study/ComputerScience/ComputerOrganization/vivado/cs202_project/CPU.srcs/sources_1/new/dmemory32.v:23]
WARNING: [Synth 8-689] width (1) of port connection 'ram_dat_o' does not match port width (32) of module 'dmemory32' [D:/Study/ComputerScience/ComputerOrganization/vivado/cs202_project/CPU.srcs/sources_1/new/cpu_top.v:218]
INFO: [Synth 8-6157] synthesizing module 'BUFG' [D:/Xilinx/Vivado/2020.2/scripts/rt/data/unisim_comp.v:1083]
INFO: [Synth 8-6155] done synthesizing module 'BUFG' (13#1) [D:/Xilinx/Vivado/2020.2/scripts/rt/data/unisim_comp.v:1083]
INFO: [Synth 8-6157] synthesizing module 'uart_bmpg_0' [D:/Study/ComputerScience/ComputerOrganization/vivado/cs202_project/CPU.runs/synth_1/.Xil/Vivado-23508-AN-GUANGYAN/realtime/uart_bmpg_0_stub.v:6]
INFO: [Synth 8-6155] done synthesizing module 'uart_bmpg_0' (14#1) [D:/Study/ComputerScience/ComputerOrganization/vivado/cs202_project/CPU.runs/synth_1/.Xil/Vivado-23508-AN-GUANGYAN/realtime/uart_bmpg_0_stub.v:6]
WARNING: [Synth 8-689] width (14) of port connection 'upg_adr_o' does not match port width (15) of module 'uart_bmpg_0' [D:/Study/ComputerScience/ComputerOrganization/vivado/cs202_project/CPU.srcs/sources_1/new/cpu_top.v:250]
INFO: [Synth 8-6155] done synthesizing module 'cpu_top' (15#1) [D:/Study/ComputerScience/ComputerOrganization/vivado/cs202_project/CPU.srcs/sources_1/new/cpu_top.v:22]
---------------------------------------------------------------------------------
Finished RTL Elaboration : Time (s): cpu = 00:00:04 ; elapsed = 00:00:04 . Memory (MB): peak = 1188.711 ; gain = 82.477
---------------------------------------------------------------------------------
---------------------------------------------------------------------------------
Start Handling Custom Attributes
---------------------------------------------------------------------------------
---------------------------------------------------------------------------------
Finished Handling Custom Attributes : Time (s): cpu = 00:00:05 ; elapsed = 00:00:04 . Memory (MB): peak = 1206.629 ; gain = 100.395
---------------------------------------------------------------------------------
---------------------------------------------------------------------------------
Finished RTL Optimization Phase 1 : Time (s): cpu = 00:00:05 ; elapsed = 00:00:04 . Memory (MB): peak = 1206.629 ; gain = 100.395
---------------------------------------------------------------------------------
Netlist sorting complete. Time (s): cpu = 00:00:00 ; elapsed = 00:00:00.036 . Memory (MB): peak = 1218.695 ; gain = 0.000
INFO: [Project 1-570] Preparing netlist for logic optimization

Processing XDC Constraints
Initializing timing engine
Parsing XDC File [d:/Study/ComputerScience/ComputerOrganization/vivado/cs202_project/CPU.gen/sources_1/ip/cpuclk/cpuclk/cpuclk_in_context.xdc] for cell 'u_clk'
Finished Parsing XDC File [d:/Study/ComputerScience/ComputerOrganization/vivado/cs202_project/CPU.gen/sources_1/ip/cpuclk/cpuclk/cpuclk_in_context.xdc] for cell 'u_clk'
Parsing XDC File [d:/Study/ComputerScience/ComputerOrganization/vivado/cs202_project/CPU.gen/sources_1/ip/ram/ram/ram_in_context.xdc] for cell 'u_mem/u_ram_32x16384'
Finished Parsing XDC File [d:/Study/ComputerScience/ComputerOrganization/vivado/cs202_project/CPU.gen/sources_1/ip/ram/ram/ram_in_context.xdc] for cell 'u_mem/u_ram_32x16384'
Parsing XDC File [d:/Study/ComputerScience/ComputerOrganization/vivado/cs202_project/CPU.gen/sources_1/ip/uart_bmpg_0/uart_bmpg_0/uart_bmpg_0_in_context.xdc] for cell 'u_upg'
Finished Parsing XDC File [d:/Study/ComputerScience/ComputerOrganization/vivado/cs202_project/CPU.gen/sources_1/ip/uart_bmpg_0/uart_bmpg_0/uart_bmpg_0_in_context.xdc] for cell 'u_upg'
Parsing XDC File [d:/Study/ComputerScience/ComputerOrganization/vivado/cs202_project/CPU.gen/sources_1/ip/prgrom/prgrom/prgrom_in_context.xdc] for cell 'u_rom/instmem'
Finished Parsing XDC File [d:/Study/ComputerScience/ComputerOrganization/vivado/cs202_project/CPU.gen/sources_1/ip/prgrom/prgrom/prgrom_in_context.xdc] for cell 'u_rom/instmem'
Parsing XDC File [D:/Study/ComputerScience/ComputerOrganization/vivado/cs202_project/CPU.srcs/constrs_1/new/constranit_with_upg.xdc]
WARNING: [Vivado 12-507] No nets matched 'start_pg_IBUF'. [D:/Study/ComputerScience/ComputerOrganization/vivado/cs202_project/CPU.srcs/constrs_1/new/constranit_with_upg.xdc:107]
Finished Parsing XDC File [D:/Study/ComputerScience/ComputerOrganization/vivado/cs202_project/CPU.srcs/constrs_1/new/constranit_with_upg.xdc]
WARNING: [Project 1-498] One or more constraints failed evaluation while reading constraint file [D:/Study/ComputerScience/ComputerOrganization/vivado/cs202_project/CPU.srcs/constrs_1/new/constranit_with_upg.xdc] and the design contains unresolved black boxes. These constraints will be read post-synthesis (as long as their source constraint file is marked as used_in_implementation) and should be applied correctly then. You should review the constraints listed in the file [.Xil/cpu_top_propImpl.xdc] and check the run log file to verify that these constraints were correctly applied.
INFO: [Project 1-236] Implementation specific constraints were found while reading constraint file [D:/Study/ComputerScience/ComputerOrganization/vivado/cs202_project/CPU.srcs/constrs_1/new/constranit_with_upg.xdc]. These constraints will be ignored for synthesis but will be used in implementation. Impacted constraints are listed in the file [.Xil/cpu_top_propImpl.xdc].
Resolution: To avoid this warning, move constraints listed in [.Xil/cpu_top_propImpl.xdc] to another XDC file and exclude this new file from synthesis with the used_in_synthesis property (File Properties dialog in GUI) and re-run elaboration/synthesis.
Completed Processing XDC Constraints

Netlist sorting complete. Time (s): cpu = 00:00:00 ; elapsed = 00:00:00 . Memory (MB): peak = 1326.422 ; gain = 0.000
INFO: [Project 1-111] Unisim Transformation Summary:
No Unisim elements were transformed.

Constraint Validation Runtime : Time (s): cpu = 00:00:00 ; elapsed = 00:00:00.007 . Memory (MB): peak = 1326.422 ; gain = 0.000
---------------------------------------------------------------------------------
Finished Constraint Validation : Time (s): cpu = 00:00:09 ; elapsed = 00:00:09 . Memory (MB): peak = 1326.422 ; gain = 220.188
---------------------------------------------------------------------------------
---------------------------------------------------------------------------------
Start Loading Part and Timing Information
---------------------------------------------------------------------------------
Loading part: xc7a100tfgg484-1
---------------------------------------------------------------------------------
Finished Loading Part and Timing Information : Time (s): cpu = 00:00:09 ; elapsed = 00:00:09 . Memory (MB): peak = 1326.422 ; gain = 220.188
---------------------------------------------------------------------------------
---------------------------------------------------------------------------------
Start Applying 'set_property' XDC Constraints
---------------------------------------------------------------------------------
Applied set_property IO_BUFFER_TYPE = NONE for clock. (constraint file  d:/Study/ComputerScience/ComputerOrganization/vivado/cs202_project/CPU.gen/sources_1/ip/cpuclk/cpuclk/cpuclk_in_context.xdc, line 4).
Applied set_property CLOCK_BUFFER_TYPE = NONE for clock. (constraint file  d:/Study/ComputerScience/ComputerOrganization/vivado/cs202_project/CPU.gen/sources_1/ip/cpuclk/cpuclk/cpuclk_in_context.xdc, line 5).
Applied set_property KEEP_HIERARCHY = SOFT for u_clk. (constraint file  auto generated constraint).
Applied set_property KEEP_HIERARCHY = SOFT for u_mem/u_ram_32x16384. (constraint file  auto generated constraint).
Applied set_property KEEP_HIERARCHY = SOFT for u_upg. (constraint file  auto generated constraint).
Applied set_property KEEP_HIERARCHY = SOFT for u_rom/instmem. (constraint file  auto generated constraint).
---------------------------------------------------------------------------------
Finished applying 'set_property' XDC Constraints : Time (s): cpu = 00:00:09 ; elapsed = 00:00:09 . Memory (MB): peak = 1326.422 ; gain = 220.188
---------------------------------------------------------------------------------
WARNING: [Synth 8-327] inferring latch for variable 'write_register_reg' [D:/Study/ComputerScience/ComputerOrganization/vivado/cs202_project/CPU.srcs/sources_1/new/idecode32.v:62]
---------------------------------------------------------------------------------
Finished RTL Optimization Phase 2 : Time (s): cpu = 00:00:10 ; elapsed = 00:00:10 . Memory (MB): peak = 1326.422 ; gain = 220.188
---------------------------------------------------------------------------------
---------------------------------------------------------------------------------
Start RTL Component Statistics 
---------------------------------------------------------------------------------
Detailed RTL Component Info : 
+---Adders : 
	   2 Input   32 Bit       Adders := 3     
	   3 Input   32 Bit       Adders := 1     
+---XORs : 
	   2 Input     32 Bit         XORs := 1     
+---Registers : 
	               32 Bit    Registers := 34    
	               24 Bit    Registers := 1     
	               16 Bit    Registers := 1     
	                1 Bit    Registers := 1     
+---Muxes : 
	   3 Input   32 Bit        Muxes := 1     
	   2 Input   32 Bit        Muxes := 78    
	   4 Input   24 Bit        Muxes := 1     
	   2 Input   16 Bit        Muxes := 1     
	   2 Input   14 Bit        Muxes := 2     
	   2 Input    5 Bit        Muxes := 2     
	   2 Input    4 Bit        Muxes := 1     
	   3 Input    1 Bit        Muxes := 1     
	   2 Input    1 Bit        Muxes := 67    
---------------------------------------------------------------------------------
Finished RTL Component Statistics 
---------------------------------------------------------------------------------
---------------------------------------------------------------------------------
Start Part Resource Summary
---------------------------------------------------------------------------------
Part Resources:
DSPs: 240 (col length:80)
BRAMs: 270 (col length: RAMB18 80 RAMB36 40)
---------------------------------------------------------------------------------
Finished Part Resource Summary
---------------------------------------------------------------------------------
---------------------------------------------------------------------------------
Start Cross Boundary and Area Optimization
---------------------------------------------------------------------------------
---------------------------------------------------------------------------------
Finished Cross Boundary and Area Optimization : Time (s): cpu = 00:00:21 ; elapsed = 00:00:20 . Memory (MB): peak = 1326.422 ; gain = 220.188
---------------------------------------------------------------------------------
---------------------------------------------------------------------------------
Start Applying XDC Timing Constraints
---------------------------------------------------------------------------------
---------------------------------------------------------------------------------
Finished Applying XDC Timing Constraints : Time (s): cpu = 00:00:25 ; elapsed = 00:00:25 . Memory (MB): peak = 1326.422 ; gain = 220.188
---------------------------------------------------------------------------------
---------------------------------------------------------------------------------
Start Timing Optimization
---------------------------------------------------------------------------------
---------------------------------------------------------------------------------
Finished Timing Optimization : Time (s): cpu = 00:00:33 ; elapsed = 00:00:33 . Memory (MB): peak = 1497.766 ; gain = 391.531
---------------------------------------------------------------------------------
---------------------------------------------------------------------------------
Start Technology Mapping
---------------------------------------------------------------------------------
Found timing loop:
     0: i_3194/O (LUT2)
      [D:/Study/ComputerScience/ComputerOrganization/vivado/cs202_project/CPU.srcs/sources_1/new/control32.v:56]
     1: i_3194/I0 (LUT2)
     2: i_2111/O (LUT6)
      [D:/Study/ComputerScience/ComputerOrganization/vivado/cs202_project/CPU.srcs/sources_1/new/control32.v:49]
     3: i_2111/I5 (LUT6)
     4: i_2132/O (LUT6)
      [D:/Study/ComputerScience/ComputerOrganization/vivado/cs202_project/CPU.srcs/sources_1/new/control32.v:49]
     5: i_2132/I5 (LUT6)
     6: i_2640/O (LUT6)
      [D:/Study/ComputerScience/ComputerOrganization/vivado/cs202_project/CPU.srcs/sources_1/new/control32.v:49]
     7: i_2640/I2 (LUT6)
     8: i_2642/O (LUT3)
      [D:/Study/ComputerScience/ComputerOrganization/vivado/cs202_project/CPU.srcs/sources_1/new/control32.v:49]
     9: i_2642/I2 (LUT3)
    10: i_2931/O (LUT5)
      [D:/Study/ComputerScience/ComputerOrganization/vivado/cs202_project/CPU.srcs/sources_1/new/control32.v:49]
    11: i_2931/I3 (LUT5)
    12: i_3194/O (LUT2)
      [D:/Study/ComputerScience/ComputerOrganization/vivado/cs202_project/CPU.srcs/sources_1/new/control32.v:56]
CRITICAL WARNING: [Synth 8-295] found timing loop. [D:/Study/ComputerScience/ComputerOrganization/vivado/cs202_project/CPU.srcs/sources_1/new/cpu_top.v:22]
Inferred a: "set_disable_timing -from I0 -to O i_3194"
Found timing loop:
     0: i_3194/O (LUT2)
      [D:/Study/ComputerScience/ComputerOrganization/vivado/cs202_project/CPU.srcs/sources_1/new/control32.v:56]
     1: i_3194/O (LUT2)
CRITICAL WARNING: [Synth 8-295] found timing loop. [D:/Study/ComputerScience/ComputerOrganization/vivado/cs202_project/CPU.srcs/sources_1/new/cpu_top.v:22]
Found timing loop:
     0: i_3194/O (LUT2)
      [D:/Study/ComputerScience/ComputerOrganization/vivado/cs202_project/CPU.srcs/sources_1/new/control32.v:56]
     1: i_3194/O (LUT2)
CRITICAL WARNING: [Synth 8-295] found timing loop. [D:/Study/ComputerScience/ComputerOrganization/vivado/cs202_project/CPU.srcs/sources_1/new/cpu_top.v:22]
Found timing loop:
     0: i_3194/O (LUT2)
      [D:/Study/ComputerScience/ComputerOrganization/vivado/cs202_project/CPU.srcs/sources_1/new/control32.v:56]
     1: i_3194/O (LUT2)
CRITICAL WARNING: [Synth 8-295] found timing loop. [D:/Study/ComputerScience/ComputerOrganization/vivado/cs202_project/CPU.srcs/sources_1/new/cpu_top.v:22]
Found timing loop:
     0: i_3194/O (LUT2)
      [D:/Study/ComputerScience/ComputerOrganization/vivado/cs202_project/CPU.srcs/sources_1/new/control32.v:56]
     1: i_3194/O (LUT2)
CRITICAL WARNING: [Synth 8-295] found timing loop. [D:/Study/ComputerScience/ComputerOrganization/vivado/cs202_project/CPU.srcs/sources_1/new/cpu_top.v:22]
Found timing loop:
     0: i_3194/O (LUT2)
      [D:/Study/ComputerScience/ComputerOrganization/vivado/cs202_project/CPU.srcs/sources_1/new/control32.v:56]
     1: i_3194/O (LUT2)
CRITICAL WARNING: [Synth 8-295] found timing loop. [D:/Study/ComputerScience/ComputerOrganization/vivado/cs202_project/CPU.srcs/sources_1/new/cpu_top.v:22]
Found timing loop:
     0: i_3194/O (LUT2)
      [D:/Study/ComputerScience/ComputerOrganization/vivado/cs202_project/CPU.srcs/sources_1/new/control32.v:56]
     1: i_3194/O (LUT2)
CRITICAL WARNING: [Synth 8-295] found timing loop. [D:/Study/ComputerScience/ComputerOrganization/vivado/cs202_project/CPU.srcs/sources_1/new/cpu_top.v:22]
Found timing loop:
     0: i_3194/O (LUT2)
      [D:/Study/ComputerScience/ComputerOrganization/vivado/cs202_project/CPU.srcs/sources_1/new/control32.v:56]
     1: i_3194/O (LUT2)
CRITICAL WARNING: [Synth 8-295] found timing loop. [D:/Study/ComputerScience/ComputerOrganization/vivado/cs202_project/CPU.srcs/sources_1/new/cpu_top.v:22]
Found timing loop:
     0: i_3194/O (LUT2)
      [D:/Study/ComputerScience/ComputerOrganization/vivado/cs202_project/CPU.srcs/sources_1/new/control32.v:56]
     1: i_3194/O (LUT2)
CRITICAL WARNING: [Synth 8-295] found timing loop. [D:/Study/ComputerScience/ComputerOrganization/vivado/cs202_project/CPU.srcs/sources_1/new/cpu_top.v:22]
Found timing loop:
     0: i_3194/O (LUT2)
      [D:/Study/ComputerScience/ComputerOrganization/vivado/cs202_project/CPU.srcs/sources_1/new/control32.v:56]
     1: i_3194/O (LUT2)
CRITICAL WARNING: [Synth 8-295] found timing loop. [D:/Study/ComputerScience/ComputerOrganization/vivado/cs202_project/CPU.srcs/sources_1/new/cpu_top.v:22]
Found timing loop:
     0: i_3194/O (LUT2)
      [D:/Study/ComputerScience/ComputerOrganization/vivado/cs202_project/CPU.srcs/sources_1/new/control32.v:56]
     1: i_3194/O (LUT2)
CRITICAL WARNING: [Synth 8-295] found timing loop. [D:/Study/ComputerScience/ComputerOrganization/vivado/cs202_project/CPU.srcs/sources_1/new/cpu_top.v:22]
Found timing loop:
     0: i_3194/O (LUT2)
      [D:/Study/ComputerScience/ComputerOrganization/vivado/cs202_project/CPU.srcs/sources_1/new/control32.v:56]
     1: i_3194/O (LUT2)
CRITICAL WARNING: [Synth 8-295] found timing loop. [D:/Study/ComputerScience/ComputerOrganization/vivado/cs202_project/CPU.srcs/sources_1/new/cpu_top.v:22]
Found timing loop:
     0: i_3194/O (LUT2)
      [D:/Study/ComputerScience/ComputerOrganization/vivado/cs202_project/CPU.srcs/sources_1/new/control32.v:56]
     1: i_3194/O (LUT2)
CRITICAL WARNING: [Synth 8-295] found timing loop. [D:/Study/ComputerScience/ComputerOrganization/vivado/cs202_project/CPU.srcs/sources_1/new/cpu_top.v:22]
Found timing loop:
     0: i_3194/O (LUT2)
      [D:/Study/ComputerScience/ComputerOrganization/vivado/cs202_project/CPU.srcs/sources_1/new/control32.v:56]
     1: i_3194/O (LUT2)
CRITICAL WARNING: [Synth 8-295] found timing loop. [D:/Study/ComputerScience/ComputerOrganization/vivado/cs202_project/CPU.srcs/sources_1/new/cpu_top.v:22]
Found timing loop:
     0: i_3194/O (LUT2)
      [D:/Study/ComputerScience/ComputerOrganization/vivado/cs202_project/CPU.srcs/sources_1/new/control32.v:56]
     1: i_3194/O (LUT2)
CRITICAL WARNING: [Synth 8-295] found timing loop. [D:/Study/ComputerScience/ComputerOrganization/vivado/cs202_project/CPU.srcs/sources_1/new/cpu_top.v:22]
Found timing loop:
     0: i_3194/O (LUT2)
      [D:/Study/ComputerScience/ComputerOrganization/vivado/cs202_project/CPU.srcs/sources_1/new/control32.v:56]
     1: i_3194/O (LUT2)
CRITICAL WARNING: [Synth 8-295] found timing loop. [D:/Study/ComputerScience/ComputerOrganization/vivado/cs202_project/CPU.srcs/sources_1/new/cpu_top.v:22]
Found timing loop:
     0: i_3194/O (LUT2)
      [D:/Study/ComputerScience/ComputerOrganization/vivado/cs202_project/CPU.srcs/sources_1/new/control32.v:56]
     1: i_3194/O (LUT2)
CRITICAL WARNING: [Synth 8-295] found timing loop. [D:/Study/ComputerScience/ComputerOrganization/vivado/cs202_project/CPU.srcs/sources_1/new/cpu_top.v:22]
Found timing loop:
     0: i_3194/O (LUT2)
      [D:/Study/ComputerScience/ComputerOrganization/vivado/cs202_project/CPU.srcs/sources_1/new/control32.v:56]
     1: i_3194/O (LUT2)
CRITICAL WARNING: [Synth 8-295] found timing loop. [D:/Study/ComputerScience/ComputerOrganization/vivado/cs202_project/CPU.srcs/sources_1/new/cpu_top.v:22]
Found timing loop:
     0: i_3194/O (LUT2)
      [D:/Study/ComputerScience/ComputerOrganization/vivado/cs202_project/CPU.srcs/sources_1/new/control32.v:56]
     1: i_3194/O (LUT2)
CRITICAL WARNING: [Synth 8-295] found timing loop. [D:/Study/ComputerScience/ComputerOrganization/vivado/cs202_project/CPU.srcs/sources_1/new/cpu_top.v:22]
Found timing loop:
     0: i_3194/O (LUT2)
      [D:/Study/ComputerScience/ComputerOrganization/vivado/cs202_project/CPU.srcs/sources_1/new/control32.v:56]
     1: i_3194/O (LUT2)
CRITICAL WARNING: [Synth 8-295] found timing loop. [D:/Study/ComputerScience/ComputerOrganization/vivado/cs202_project/CPU.srcs/sources_1/new/cpu_top.v:22]
Found timing loop:
     0: i_3194/O (LUT2)
      [D:/Study/ComputerScience/ComputerOrganization/vivado/cs202_project/CPU.srcs/sources_1/new/control32.v:56]
     1: i_3194/O (LUT2)
CRITICAL WARNING: [Synth 8-295] found timing loop. [D:/Study/ComputerScience/ComputerOrganization/vivado/cs202_project/CPU.srcs/sources_1/new/cpu_top.v:22]
Found timing loop:
     0: i_3194/O (LUT2)
      [D:/Study/ComputerScience/ComputerOrganization/vivado/cs202_project/CPU.srcs/sources_1/new/control32.v:56]
     1: i_3194/O (LUT2)
CRITICAL WARNING: [Synth 8-295] found timing loop. [D:/Study/ComputerScience/ComputerOrganization/vivado/cs202_project/CPU.srcs/sources_1/new/cpu_top.v:22]
Found timing loop:
     0: i_3194/O (LUT2)
      [D:/Study/ComputerScience/ComputerOrganization/vivado/cs202_project/CPU.srcs/sources_1/new/control32.v:56]
     1: i_3194/O (LUT2)
CRITICAL WARNING: [Synth 8-295] found timing loop. [D:/Study/ComputerScience/ComputerOrganization/vivado/cs202_project/CPU.srcs/sources_1/new/cpu_top.v:22]
Found timing loop:
     0: i_3194/O (LUT2)
      [D:/Study/ComputerScience/ComputerOrganization/vivado/cs202_project/CPU.srcs/sources_1/new/control32.v:56]
     1: i_3194/O (LUT2)
CRITICAL WARNING: [Synth 8-295] found timing loop. [D:/Study/ComputerScience/ComputerOrganization/vivado/cs202_project/CPU.srcs/sources_1/new/cpu_top.v:22]
Found timing loop:
     0: i_3194/O (LUT2)
      [D:/Study/ComputerScience/ComputerOrganization/vivado/cs202_project/CPU.srcs/sources_1/new/control32.v:56]
     1: i_3194/O (LUT2)
CRITICAL WARNING: [Synth 8-295] found timing loop. [D:/Study/ComputerScience/ComputerOrganization/vivado/cs202_project/CPU.srcs/sources_1/new/cpu_top.v:22]
Found timing loop:
     0: i_3194/O (LUT2)
      [D:/Study/ComputerScience/ComputerOrganization/vivado/cs202_project/CPU.srcs/sources_1/new/control32.v:56]
     1: i_3194/O (LUT2)
CRITICAL WARNING: [Synth 8-295] found timing loop. [D:/Study/ComputerScience/ComputerOrganization/vivado/cs202_project/CPU.srcs/sources_1/new/cpu_top.v:22]
Found timing loop:
     0: i_3194/O (LUT2)
      [D:/Study/ComputerScience/ComputerOrganization/vivado/cs202_project/CPU.srcs/sources_1/new/control32.v:56]
     1: i_3194/O (LUT2)
CRITICAL WARNING: [Synth 8-295] found timing loop. [D:/Study/ComputerScience/ComputerOrganization/vivado/cs202_project/CPU.srcs/sources_1/new/cpu_top.v:22]
Found timing loop:
     0: i_3194/O (LUT2)
      [D:/Study/ComputerScience/ComputerOrganization/vivado/cs202_project/CPU.srcs/sources_1/new/control32.v:56]
     1: i_3194/O (LUT2)
CRITICAL WARNING: [Synth 8-295] found timing loop. [D:/Study/ComputerScience/ComputerOrganization/vivado/cs202_project/CPU.srcs/sources_1/new/cpu_top.v:22]
Found timing loop:
     0: i_3194/O (LUT2)
      [D:/Study/ComputerScience/ComputerOrganization/vivado/cs202_project/CPU.srcs/sources_1/new/control32.v:56]
     1: i_3194/O (LUT2)
CRITICAL WARNING: [Synth 8-295] found timing loop. [D:/Study/ComputerScience/ComputerOrganization/vivado/cs202_project/CPU.srcs/sources_1/new/cpu_top.v:22]
Found timing loop:
     0: i_3194/O (LUT2)
      [D:/Study/ComputerScience/ComputerOrganization/vivado/cs202_project/CPU.srcs/sources_1/new/control32.v:56]
     1: i_3194/O (LUT2)
CRITICAL WARNING: [Synth 8-295] found timing loop. [D:/Study/ComputerScience/ComputerOrganization/vivado/cs202_project/CPU.srcs/sources_1/new/cpu_top.v:22]
Found timing loop:
     0: i_3194/O (LUT2)
      [D:/Study/ComputerScience/ComputerOrganization/vivado/cs202_project/CPU.srcs/sources_1/new/control32.v:56]
     1: i_3194/O (LUT2)
CRITICAL WARNING: [Synth 8-295] found timing loop. [D:/Study/ComputerScience/ComputerOrganization/vivado/cs202_project/CPU.srcs/sources_1/new/cpu_top.v:22]
Found timing loop:
     0: i_3194/O (LUT2)
      [D:/Study/ComputerScience/ComputerOrganization/vivado/cs202_project/CPU.srcs/sources_1/new/control32.v:56]
     1: i_3194/O (LUT2)
CRITICAL WARNING: [Synth 8-295] found timing loop. [D:/Study/ComputerScience/ComputerOrganization/vivado/cs202_project/CPU.srcs/sources_1/new/cpu_top.v:22]
Found timing loop:
     0: i_3194/O (LUT2)
      [D:/Study/ComputerScience/ComputerOrganization/vivado/cs202_project/CPU.srcs/sources_1/new/control32.v:56]
     1: i_3194/O (LUT2)
CRITICAL WARNING: [Synth 8-295] found timing loop. [D:/Study/ComputerScience/ComputerOrganization/vivado/cs202_project/CPU.srcs/sources_1/new/cpu_top.v:22]
Found timing loop:
     0: i_2785/O (LUT5)
      [D:/Study/ComputerScience/ComputerOrganization/vivado/cs202_project/CPU.srcs/sources_1/new/control32.v:49]
     1: i_2785/I3 (LUT5)
     2: i_3194/O (LUT2)
      [D:/Study/ComputerScience/ComputerOrganization/vivado/cs202_project/CPU.srcs/sources_1/new/control32.v:56]
     3: i_3194/O (LUT2)
CRITICAL WARNING: [Synth 8-295] found timing loop. [D:/Study/ComputerScience/ComputerOrganization/vivado/cs202_project/CPU.srcs/sources_1/new/cpu_top.v:22]
Inferred a: "set_disable_timing -from I3 -to O i_2785"
Found timing loop:
     0: i_3194/O (LUT2)
      [D:/Study/ComputerScience/ComputerOrganization/vivado/cs202_project/CPU.srcs/sources_1/new/control32.v:56]
     1: i_3194/O (LUT2)
CRITICAL WARNING: [Synth 8-295] found timing loop. [D:/Study/ComputerScience/ComputerOrganization/vivado/cs202_project/CPU.srcs/sources_1/new/cpu_top.v:22]
Found timing loop:
     0: i_3194/O (LUT2)
      [D:/Study/ComputerScience/ComputerOrganization/vivado/cs202_project/CPU.srcs/sources_1/new/control32.v:56]
     1: i_3194/O (LUT2)
CRITICAL WARNING: [Synth 8-295] found timing loop. [D:/Study/ComputerScience/ComputerOrganization/vivado/cs202_project/CPU.srcs/sources_1/new/cpu_top.v:22]
Found timing loop:
     0: i_3194/O (LUT2)
      [D:/Study/ComputerScience/ComputerOrganization/vivado/cs202_project/CPU.srcs/sources_1/new/control32.v:56]
     1: i_3194/O (LUT2)
CRITICAL WARNING: [Synth 8-295] found timing loop. [D:/Study/ComputerScience/ComputerOrganization/vivado/cs202_project/CPU.srcs/sources_1/new/cpu_top.v:22]
Found timing loop:
     0: i_2785/O (LUT5)
      [D:/Study/ComputerScience/ComputerOrganization/vivado/cs202_project/CPU.srcs/sources_1/new/control32.v:49]
     1: i_2785/O (LUT5)
CRITICAL WARNING: [Synth 8-295] found timing loop. [D:/Study/ComputerScience/ComputerOrganization/vivado/cs202_project/CPU.srcs/sources_1/new/cpu_top.v:22]
Found timing loop:
     0: i_3194/O (LUT2)
      [D:/Study/ComputerScience/ComputerOrganization/vivado/cs202_project/CPU.srcs/sources_1/new/control32.v:56]
     1: i_3194/O (LUT2)
CRITICAL WARNING: [Synth 8-295] found timing loop. [D:/Study/ComputerScience/ComputerOrganization/vivado/cs202_project/CPU.srcs/sources_1/new/cpu_top.v:22]
Found timing loop:
     0: i_3194/O (LUT2)
      [D:/Study/ComputerScience/ComputerOrganization/vivado/cs202_project/CPU.srcs/sources_1/new/control32.v:56]
     1: i_3194/O (LUT2)
CRITICAL WARNING: [Synth 8-295] found timing loop. [D:/Study/ComputerScience/ComputerOrganization/vivado/cs202_project/CPU.srcs/sources_1/new/cpu_top.v:22]
Found timing loop:
     0: i_3194/O (LUT2)
      [D:/Study/ComputerScience/ComputerOrganization/vivado/cs202_project/CPU.srcs/sources_1/new/control32.v:56]
     1: i_3194/O (LUT2)
CRITICAL WARNING: [Synth 8-295] found timing loop. [D:/Study/ComputerScience/ComputerOrganization/vivado/cs202_project/CPU.srcs/sources_1/new/cpu_top.v:22]
Found timing loop:
     0: i_3194/O (LUT2)
      [D:/Study/ComputerScience/ComputerOrganization/vivado/cs202_project/CPU.srcs/sources_1/new/control32.v:56]
     1: i_3194/O (LUT2)
CRITICAL WARNING: [Synth 8-295] found timing loop. [D:/Study/ComputerScience/ComputerOrganization/vivado/cs202_project/CPU.srcs/sources_1/new/cpu_top.v:22]
Found timing loop:
     0: i_3194/O (LUT2)
      [D:/Study/ComputerScience/ComputerOrganization/vivado/cs202_project/CPU.srcs/sources_1/new/control32.v:56]
     1: i_3194/O (LUT2)
CRITICAL WARNING: [Synth 8-295] found timing loop. [D:/Study/ComputerScience/ComputerOrganization/vivado/cs202_project/CPU.srcs/sources_1/new/cpu_top.v:22]
Found timing loop:
     0: i_3194/O (LUT2)
      [D:/Study/ComputerScience/ComputerOrganization/vivado/cs202_project/CPU.srcs/sources_1/new/control32.v:56]
     1: i_3194/O (LUT2)
CRITICAL WARNING: [Synth 8-295] found timing loop. [D:/Study/ComputerScience/ComputerOrganization/vivado/cs202_project/CPU.srcs/sources_1/new/cpu_top.v:22]
Found timing loop:
     0: i_3194/O (LUT2)
      [D:/Study/ComputerScience/ComputerOrganization/vivado/cs202_project/CPU.srcs/sources_1/new/control32.v:56]
     1: i_3194/O (LUT2)
CRITICAL WARNING: [Synth 8-295] found timing loop. [D:/Study/ComputerScience/ComputerOrganization/vivado/cs202_project/CPU.srcs/sources_1/new/cpu_top.v:22]
Found timing loop:
     0: i_2785/O (LUT5)
      [D:/Study/ComputerScience/ComputerOrganization/vivado/cs202_project/CPU.srcs/sources_1/new/control32.v:49]
     1: i_2785/O (LUT5)
CRITICAL WARNING: [Synth 8-295] found timing loop. [D:/Study/ComputerScience/ComputerOrganization/vivado/cs202_project/CPU.srcs/sources_1/new/cpu_top.v:22]
Found timing loop:
     0: i_3194/O (LUT2)
      [D:/Study/ComputerScience/ComputerOrganization/vivado/cs202_project/CPU.srcs/sources_1/new/control32.v:56]
     1: i_3194/O (LUT2)
CRITICAL WARNING: [Synth 8-295] found timing loop. [D:/Study/ComputerScience/ComputerOrganization/vivado/cs202_project/CPU.srcs/sources_1/new/cpu_top.v:22]
Found timing loop:
     0: i_2785/O (LUT5)
      [D:/Study/ComputerScience/ComputerOrganization/vivado/cs202_project/CPU.srcs/sources_1/new/control32.v:49]
     1: i_2785/O (LUT5)
CRITICAL WARNING: [Synth 8-295] found timing loop. [D:/Study/ComputerScience/ComputerOrganization/vivado/cs202_project/CPU.srcs/sources_1/new/cpu_top.v:22]
Found timing loop:
     0: i_3194/O (LUT2)
      [D:/Study/ComputerScience/ComputerOrganization/vivado/cs202_project/CPU.srcs/sources_1/new/control32.v:56]
     1: i_3194/O (LUT2)
CRITICAL WARNING: [Synth 8-295] found timing loop. [D:/Study/ComputerScience/ComputerOrganization/vivado/cs202_project/CPU.srcs/sources_1/new/cpu_top.v:22]
Found timing loop:
     0: i_2785/O (LUT5)
      [D:/Study/ComputerScience/ComputerOrganization/vivado/cs202_project/CPU.srcs/sources_1/new/control32.v:49]
     1: i_2785/O (LUT5)
CRITICAL WARNING: [Synth 8-295] found timing loop. [D:/Study/ComputerScience/ComputerOrganization/vivado/cs202_project/CPU.srcs/sources_1/new/cpu_top.v:22]
Found timing loop:
     0: i_3194/O (LUT2)
      [D:/Study/ComputerScience/ComputerOrganization/vivado/cs202_project/CPU.srcs/sources_1/new/control32.v:56]
     1: i_3194/O (LUT2)
CRITICAL WARNING: [Synth 8-295] found timing loop. [D:/Study/ComputerScience/ComputerOrganization/vivado/cs202_project/CPU.srcs/sources_1/new/cpu_top.v:22]
Found timing loop:
     0: i_3194/O (LUT2)
      [D:/Study/ComputerScience/ComputerOrganization/vivado/cs202_project/CPU.srcs/sources_1/new/control32.v:56]
     1: i_3194/O (LUT2)
CRITICAL WARNING: [Synth 8-295] found timing loop. [D:/Study/ComputerScience/ComputerOrganization/vivado/cs202_project/CPU.srcs/sources_1/new/cpu_top.v:22]
Found timing loop:
     0: i_3194/O (LUT2)
      [D:/Study/ComputerScience/ComputerOrganization/vivado/cs202_project/CPU.srcs/sources_1/new/control32.v:56]
     1: i_3194/O (LUT2)
CRITICAL WARNING: [Synth 8-295] found timing loop. [D:/Study/ComputerScience/ComputerOrganization/vivado/cs202_project/CPU.srcs/sources_1/new/cpu_top.v:22]
Found timing loop:
     0: i_3194/O (LUT2)
      [D:/Study/ComputerScience/ComputerOrganization/vivado/cs202_project/CPU.srcs/sources_1/new/control32.v:56]
     1: i_3194/O (LUT2)
CRITICAL WARNING: [Synth 8-295] found timing loop. [D:/Study/ComputerScience/ComputerOrganization/vivado/cs202_project/CPU.srcs/sources_1/new/cpu_top.v:22]
Found timing loop:
     0: i_2785/O (LUT5)
      [D:/Study/ComputerScience/ComputerOrganization/vivado/cs202_project/CPU.srcs/sources_1/new/control32.v:49]
     1: i_2785/O (LUT5)
CRITICAL WARNING: [Synth 8-295] found timing loop. [D:/Study/ComputerScience/ComputerOrganization/vivado/cs202_project/CPU.srcs/sources_1/new/cpu_top.v:22]
Found timing loop:
     0: i_3194/O (LUT2)
      [D:/Study/ComputerScience/ComputerOrganization/vivado/cs202_project/CPU.srcs/sources_1/new/control32.v:56]
     1: i_3194/O (LUT2)
CRITICAL WARNING: [Synth 8-295] found timing loop. [D:/Study/ComputerScience/ComputerOrganization/vivado/cs202_project/CPU.srcs/sources_1/new/cpu_top.v:22]
Found timing loop:
     0: i_3194/O (LUT2)
      [D:/Study/ComputerScience/ComputerOrganization/vivado/cs202_project/CPU.srcs/sources_1/new/control32.v:56]
     1: i_3194/O (LUT2)
CRITICAL WARNING: [Synth 8-295] found timing loop. [D:/Study/ComputerScience/ComputerOrganization/vivado/cs202_project/CPU.srcs/sources_1/new/cpu_top.v:22]
Found timing loop:
     0: i_3194/O (LUT2)
      [D:/Study/ComputerScience/ComputerOrganization/vivado/cs202_project/CPU.srcs/sources_1/new/control32.v:56]
     1: i_3194/O (LUT2)
CRITICAL WARNING: [Synth 8-295] found timing loop. [D:/Study/ComputerScience/ComputerOrganization/vivado/cs202_project/CPU.srcs/sources_1/new/cpu_top.v:22]
Found timing loop:
     0: i_3194/O (LUT2)
      [D:/Study/ComputerScience/ComputerOrganization/vivado/cs202_project/CPU.srcs/sources_1/new/control32.v:56]
     1: i_3194/O (LUT2)
CRITICAL WARNING: [Synth 8-295] found timing loop. [D:/Study/ComputerScience/ComputerOrganization/vivado/cs202_project/CPU.srcs/sources_1/new/cpu_top.v:22]
Found timing loop:
     0: i_2785/O (LUT5)
      [D:/Study/ComputerScience/ComputerOrganization/vivado/cs202_project/CPU.srcs/sources_1/new/control32.v:49]
     1: i_2785/O (LUT5)
CRITICAL WARNING: [Synth 8-295] found timing loop. [D:/Study/ComputerScience/ComputerOrganization/vivado/cs202_project/CPU.srcs/sources_1/new/cpu_top.v:22]
Found timing loop:
     0: i_3194/O (LUT2)
      [D:/Study/ComputerScience/ComputerOrganization/vivado/cs202_project/CPU.srcs/sources_1/new/control32.v:56]
     1: i_3194/O (LUT2)
CRITICAL WARNING: [Synth 8-295] found timing loop. [D:/Study/ComputerScience/ComputerOrganization/vivado/cs202_project/CPU.srcs/sources_1/new/cpu_top.v:22]
Found timing loop:
     0: i_3194/O (LUT2)
      [D:/Study/ComputerScience/ComputerOrganization/vivado/cs202_project/CPU.srcs/sources_1/new/control32.v:56]
     1: i_3194/O (LUT2)
CRITICAL WARNING: [Synth 8-295] found timing loop. [D:/Study/ComputerScience/ComputerOrganization/vivado/cs202_project/CPU.srcs/sources_1/new/cpu_top.v:22]
Found timing loop:
     0: i_3194/O (LUT2)
      [D:/Study/ComputerScience/ComputerOrganization/vivado/cs202_project/CPU.srcs/sources_1/new/control32.v:56]
     1: i_3194/O (LUT2)
CRITICAL WARNING: [Synth 8-295] found timing loop. [D:/Study/ComputerScience/ComputerOrganization/vivado/cs202_project/CPU.srcs/sources_1/new/cpu_top.v:22]
---------------------------------------------------------------------------------
Finished Technology Mapping : Time (s): cpu = 00:00:34 ; elapsed = 00:00:34 . Memory (MB): peak = 1498.824 ; gain = 392.590
---------------------------------------------------------------------------------
---------------------------------------------------------------------------------
Start IO Insertion
---------------------------------------------------------------------------------
---------------------------------------------------------------------------------
Start Flattening Before IO Insertion
---------------------------------------------------------------------------------
---------------------------------------------------------------------------------
Finished Flattening Before IO Insertion
---------------------------------------------------------------------------------
---------------------------------------------------------------------------------
Start Final Netlist Cleanup
---------------------------------------------------------------------------------
---------------------------------------------------------------------------------
Finished Final Netlist Cleanup
---------------------------------------------------------------------------------
---------------------------------------------------------------------------------
Finished IO Insertion : Time (s): cpu = 00:00:37 ; elapsed = 00:00:37 . Memory (MB): peak = 1498.824 ; gain = 392.590
---------------------------------------------------------------------------------
---------------------------------------------------------------------------------
Start Renaming Generated Instances
---------------------------------------------------------------------------------
---------------------------------------------------------------------------------
Finished Renaming Generated Instances : Time (s): cpu = 00:00:37 ; elapsed = 00:00:37 . Memory (MB): peak = 1498.824 ; gain = 392.590
---------------------------------------------------------------------------------
---------------------------------------------------------------------------------
Start Rebuilding User Hierarchy
---------------------------------------------------------------------------------
---------------------------------------------------------------------------------
Finished Rebuilding User Hierarchy : Time (s): cpu = 00:00:37 ; elapsed = 00:00:37 . Memory (MB): peak = 1498.824 ; gain = 392.590
---------------------------------------------------------------------------------
---------------------------------------------------------------------------------
Start Renaming Generated Ports
---------------------------------------------------------------------------------
---------------------------------------------------------------------------------
Finished Renaming Generated Ports : Time (s): cpu = 00:00:37 ; elapsed = 00:00:37 . Memory (MB): peak = 1498.824 ; gain = 392.590
---------------------------------------------------------------------------------
---------------------------------------------------------------------------------
Start Handling Custom Attributes
---------------------------------------------------------------------------------
---------------------------------------------------------------------------------
Finished Handling Custom Attributes : Time (s): cpu = 00:00:38 ; elapsed = 00:00:38 . Memory (MB): peak = 1498.824 ; gain = 392.590
---------------------------------------------------------------------------------
---------------------------------------------------------------------------------
Start Renaming Generated Nets
---------------------------------------------------------------------------------
---------------------------------------------------------------------------------
Finished Renaming Generated Nets : Time (s): cpu = 00:00:38 ; elapsed = 00:00:38 . Memory (MB): peak = 1498.824 ; gain = 392.590
---------------------------------------------------------------------------------
---------------------------------------------------------------------------------
Start Writing Synthesis Report
---------------------------------------------------------------------------------

Report BlackBoxes: 
+------+--------------+----------+
|      |BlackBox name |Instances |
+------+--------------+----------+
|1     |cpuclk        |         1|
|2     |uart_bmpg_0   |         1|
|3     |ram           |         1|
|4     |prgrom        |         1|
+------+--------------+----------+

Report Cell Usage: 
+------+----------+------+
|      |Cell      |Count |
+------+----------+------+
|1     |cpuclk    |     1|
|2     |prgrom    |     1|
|3     |ram       |     1|
|4     |uart_bmpg |     1|
|5     |BUFG      |     3|
|6     |CARRY4    |    32|
|7     |LUT1      |     2|
|8     |LUT2      |   120|
|9     |LUT3      |   272|
|10    |LUT4      |   269|
|11    |LUT5      |   345|
|12    |LUT6      |  2132|
|13    |MUXF7     |   272|
|14    |MUXF8     |    82|
|15    |FDCE      |    31|
|16    |FDPE      |    30|
|17    |FDRE      |  1056|
|18    |LD        |    40|
|19    |LDC       |    30|
|20    |IBUF      |     5|
|21    |OBUF      |    25|
+------+----------+------+
---------------------------------------------------------------------------------
Finished Writing Synthesis Report : Time (s): cpu = 00:00:38 ; elapsed = 00:00:38 . Memory (MB): peak = 1498.824 ; gain = 392.590
---------------------------------------------------------------------------------
Synthesis finished with 0 errors, 63 critical warnings and 1 warnings.
Synthesis Optimization Runtime : Time (s): cpu = 00:00:31 ; elapsed = 00:00:36 . Memory (MB): peak = 1498.824 ; gain = 272.797
Synthesis Optimization Complete : Time (s): cpu = 00:00:38 ; elapsed = 00:00:38 . Memory (MB): peak = 1498.824 ; gain = 392.590
INFO: [Project 1-571] Translating synthesized netlist
Netlist sorting complete. Time (s): cpu = 00:00:00 ; elapsed = 00:00:00.046 . Memory (MB): peak = 1498.824 ; gain = 0.000
INFO: [Netlist 29-17] Analyzing 456 Unisim elements for replacement
INFO: [Netlist 29-28] Unisim Transformation completed in 0 CPU seconds
INFO: [Project 1-570] Preparing netlist for logic optimization
INFO: [Opt 31-140] Inserted 1 IBUFs to IO ports without IO buffers.
INFO: [Opt 31-138] Pushed 0 inverter(s) to 0 load pin(s).
Netlist sorting complete. Time (s): cpu = 00:00:00 ; elapsed = 00:00:00.001 . Memory (MB): peak = 1498.824 ; gain = 0.000
INFO: [Project 1-111] Unisim Transformation Summary:
  A total of 70 instances were transformed.
  LD => LDCE: 40 instances
  LDC => LDCE: 30 instances

INFO: [Common 17-83] Releasing license: Synthesis
50 Infos, 15 Warnings, 63 Critical Warnings and 0 Errors encountered.
synth_design completed successfully
synth_design: Time (s): cpu = 00:00:42 ; elapsed = 00:00:43 . Memory (MB): peak = 1498.824 ; gain = 392.590
INFO: [runtcl-6] Synthesis results are not added to the cache due to CRITICAL_WARNING
INFO: [Common 17-1381] The checkpoint 'D:/Study/ComputerScience/ComputerOrganization/vivado/cs202_project/CPU.runs/synth_1/cpu_top.dcp' has been generated.
INFO: [runtcl-4] Executing : report_utilization -file cpu_top_utilization_synth.rpt -pb cpu_top_utilization_synth.pb
INFO: [Common 17-206] Exiting Vivado at Sat May 22 21:09:10 2021...
